<?xml version="1.0" encoding="UTF-8"?>
<!-- Generated by org.testng.reporters.JUnitReportReporter -->
<testsuite skipped="0" hostname="OFIRAHA-LAP-HZ" name="com.amazon.auto.tests.AmazonLoginTests" tests="2" failures="0" timestamp="15 Oct 2018 17:04:11 GMT" time="65.017" errors="0">
  <testcase name="loginTest" time="10.459" classname="com.amazon.auto.tests.AmazonLoginTests"/>
  <testcase name="loginTest" time="54.558" classname="com.amazon.auto.tests.AmazonLoginTests"/>
</testsuite> <!-- com.amazon.auto.tests.AmazonLoginTests -->
